  [1m[36m (4.9ms)[0m  [1mCREATE TABLE "schema_migrations" ("version" varchar(255) NOT NULL) [0m
  [1m[35m (3.0ms)[0m  CREATE UNIQUE INDEX "unique_schema_migrations" ON "schema_migrations" ("version")
  [1m[36mActiveRecord::SchemaMigration Load (0.2ms)[0m  [1mSELECT "schema_migrations".* FROM "schema_migrations"[0m
Migrating to CreateUsers (20130625041429)
  [1m[35m (0.2ms)[0m  begin transaction
  [1m[36m (0.8ms)[0m  [1mCREATE TABLE "users" ("id" INTEGER PRIMARY KEY AUTOINCREMENT NOT NULL, "name" varchar(255), "email" varchar(255), "created_at" datetime, "updated_at" datetime) [0m
  [1m[35mSQL (0.3ms)[0m  INSERT INTO "schema_migrations" ("version") VALUES (?)  [["version", "20130625041429"]]
  [1m[36m (2.9ms)[0m  [1mcommit transaction[0m
Migrating to AddIndexToUsersEmail (20130625051300)
  [1m[35m (0.1ms)[0m  begin transaction
  [1m[36m (0.3ms)[0m  [1mCREATE UNIQUE INDEX "index_users_on_email" ON "users" ("email")[0m
  [1m[35mSQL (0.1ms)[0m  INSERT INTO "schema_migrations" ("version") VALUES (?)  [["version", "20130625051300"]]
  [1m[36m (2.3ms)[0m  [1mcommit transaction[0m
Migrating to AddPasswordDigestToUsers (20130625052832)
  [1m[35m (0.1ms)[0m  begin transaction
  [1m[36m (0.3ms)[0m  [1mALTER TABLE "users" ADD "password_digest" varchar(255)[0m
  [1m[35mSQL (0.2ms)[0m  INSERT INTO "schema_migrations" ("version") VALUES (?)  [["version", "20130625052832"]]
  [1m[36m (2.9ms)[0m  [1mcommit transaction[0m
Migrating to AddRememberTokenToUsers (20130626071850)
  [1m[35m (0.1ms)[0m  begin transaction
  [1m[36m (0.4ms)[0m  [1mALTER TABLE "users" ADD "remember_token" varchar(255)[0m
  [1m[35m (0.2ms)[0m  CREATE INDEX "index_users_on_remember_token" ON "users" ("remember_token")
  [1m[36mSQL (0.3ms)[0m  [1mINSERT INTO "schema_migrations" ("version") VALUES (?)[0m  [["version", "20130626071850"]]
  [1m[35m (2.3ms)[0m  commit transaction
Migrating to AddAdminToUsers (20130626205836)
  [1m[36m (0.1ms)[0m  [1mbegin transaction[0m
  [1m[35m (0.4ms)[0m  ALTER TABLE "users" ADD "admin" boolean DEFAULT 'f'
  [1m[36mSQL (0.3ms)[0m  [1mINSERT INTO "schema_migrations" ("version") VALUES (?)[0m  [["version", "20130626205836"]]
  [1m[35m (1.8ms)[0m  commit transaction
  [1m[36mActiveRecord::SchemaMigration Load (0.2ms)[0m  [1mSELECT "schema_migrations".* FROM "schema_migrations"[0m
  [1m[36m (4.1ms)[0m  [1mCREATE TABLE "users" ("id" INTEGER PRIMARY KEY AUTOINCREMENT NOT NULL, "name" varchar(255), "email" varchar(255), "created_at" datetime, "updated_at" datetime, "password_digest" varchar(255), "remember_token" varchar(255), "admin" boolean DEFAULT 'f') [0m
  [1m[35m (2.0ms)[0m  CREATE UNIQUE INDEX "index_users_on_email" ON "users" ("email")
  [1m[36m (2.5ms)[0m  [1mCREATE INDEX "index_users_on_remember_token" ON "users" ("remember_token")[0m
  [1m[35m (2.7ms)[0m  CREATE TABLE "schema_migrations" ("version" varchar(255) NOT NULL) 
  [1m[36m (2.5ms)[0m  [1mCREATE UNIQUE INDEX "unique_schema_migrations" ON "schema_migrations" ("version")[0m
  [1m[35m (0.2ms)[0m  SELECT version FROM "schema_migrations"
  [1m[36m (2.6ms)[0m  [1mINSERT INTO "schema_migrations" (version) VALUES ('20130626205836')[0m
  [1m[35m (2.7ms)[0m  INSERT INTO "schema_migrations" (version) VALUES ('20130625041429')
  [1m[36m (1.9ms)[0m  [1mINSERT INTO "schema_migrations" (version) VALUES ('20130625052832')[0m
  [1m[35m (2.3ms)[0m  INSERT INTO "schema_migrations" (version) VALUES ('20130625051300')
  [1m[36m (1.8ms)[0m  [1mINSERT INTO "schema_migrations" (version) VALUES ('20130626071850')[0m
  [1m[35mActiveRecord::SchemaMigration Load (0.3ms)[0m  SELECT "schema_migrations".* FROM "schema_migrations"


Started GET "/" for 127.0.0.1 at 2013-07-06 01:31:59 -0500
  [1m[36mActiveRecord::SchemaMigration Load (0.2ms)[0m  [1mSELECT "schema_migrations".* FROM "schema_migrations"[0m
Processing by StaticPagesController#home as HTML
  Rendered static_pages/home.html.erb within layouts/application (5.4ms)
  Rendered layouts/_shim.html.erb (0.6ms)
  [1m[35mUser Load (0.2ms)[0m  SELECT "users".* FROM "users" WHERE "users"."remember_token" = '6hK4fn265J2WWJ-pcVAB6A' LIMIT 1
  Rendered layouts/_header.html.erb (17.1ms)
  Rendered layouts/_footer.html.erb (0.8ms)
Completed 200 OK in 3722ms (Views: 3720.5ms | ActiveRecord: 0.6ms)


Started GET "/assets/application.css?body=1" for 127.0.0.1 at 2013-07-06 01:32:03 -0500


Started GET "/javascripts/defaults.js" for 127.0.0.1 at 2013-07-06 01:32:03 -0500

ActionController::RoutingError (No route matches [GET] "/javascripts/defaults.js"):
  actionpack (4.0.0.rc2) lib/action_dispatch/middleware/debug_exceptions.rb:21:in `call'
  actionpack (4.0.0.rc2) lib/action_dispatch/middleware/show_exceptions.rb:30:in `call'
  railties (4.0.0.rc2) lib/rails/rack/logger.rb:38:in `call_app'
  railties (4.0.0.rc2) lib/rails/rack/logger.rb:21:in `block in call'
  activesupport (4.0.0.rc2) lib/active_support/tagged_logging.rb:67:in `block in tagged'
  activesupport (4.0.0.rc2) lib/active_support/tagged_logging.rb:25:in `tagged'
  activesupport (4.0.0.rc2) lib/active_support/tagged_logging.rb:67:in `tagged'
  railties (4.0.0.rc2) lib/rails/rack/logger.rb:21:in `call'
  actionpack (4.0.0.rc2) lib/action_dispatch/middleware/request_id.rb:21:in `call'
  rack (1.5.2) lib/rack/methodoverride.rb:21:in `call'
  rack (1.5.2) lib/rack/runtime.rb:17:in `call'
  activesupport (4.0.0.rc2) lib/active_support/cache/strategy/local_cache.rb:83:in `call'
  rack (1.5.2) lib/rack/lock.rb:17:in `call'
  actionpack (4.0.0.rc2) lib/action_dispatch/middleware/static.rb:64:in `call'
  railties (4.0.0.rc2) lib/rails/engine.rb:511:in `call'
  railties (4.0.0.rc2) lib/rails/application.rb:97:in `call'
  rack (1.5.2) lib/rack/lock.rb:17:in `call'
  rack (1.5.2) lib/rack/content_length.rb:14:in `call'
  rack (1.5.2) lib/rack/handler/webrick.rb:60:in `service'
  /home/ike/.rvm/rubies/ruby-2.0.0-p195/lib/ruby/2.0.0/webrick/httpserver.rb:138:in `service'
  /home/ike/.rvm/rubies/ruby-2.0.0-p195/lib/ruby/2.0.0/webrick/httpserver.rb:94:in `run'
  /home/ike/.rvm/rubies/ruby-2.0.0-p195/lib/ruby/2.0.0/webrick/server.rb:295:in `block in start_thread'


  Rendered /home/ike/.rvm/gems/ruby-2.0.0-p195/gems/actionpack-4.0.0.rc2/lib/action_dispatch/middleware/templates/rescues/_trace.erb (1.5ms)
  Rendered /home/ike/.rvm/gems/ruby-2.0.0-p195/gems/actionpack-4.0.0.rc2/lib/action_dispatch/middleware/templates/routes/_route.html.erb (2.1ms)
  Rendered /home/ike/.rvm/gems/ruby-2.0.0-p195/gems/actionpack-4.0.0.rc2/lib/action_dispatch/middleware/templates/routes/_table.html.erb (4.7ms)
  Rendered /home/ike/.rvm/gems/ruby-2.0.0-p195/gems/actionpack-4.0.0.rc2/lib/action_dispatch/middleware/templates/rescues/routing_error.erb within rescues/layout (26.8ms)


Started GET "/" for 127.0.0.1 at 2013-07-06 01:32:09 -0500
Processing by StaticPagesController#home as HTML
  Rendered static_pages/home.html.erb within layouts/application (1.3ms)
  Rendered layouts/_shim.html.erb (0.5ms)
  [1m[36mUser Load (0.2ms)[0m  [1mSELECT "users".* FROM "users" WHERE "users"."remember_token" = '6hK4fn265J2WWJ-pcVAB6A' LIMIT 1[0m
  Rendered layouts/_header.html.erb (2.3ms)
  Rendered layouts/_footer.html.erb (0.7ms)
Completed 200 OK in 28ms (Views: 26.8ms | ActiveRecord: 0.2ms)


Started GET "/assets/rails.png" for 127.0.0.1 at 2013-07-06 01:32:09 -0500


Started GET "/help" for 127.0.0.1 at 2013-07-06 01:32:10 -0500
Processing by StaticPagesController#help as HTML
  Rendered static_pages/help.html.erb within layouts/application (0.7ms)
  Rendered layouts/_shim.html.erb (0.1ms)
  [1m[35mUser Load (0.2ms)[0m  SELECT "users".* FROM "users" WHERE "users"."remember_token" = '6hK4fn265J2WWJ-pcVAB6A' LIMIT 1
  Rendered layouts/_header.html.erb (1.8ms)
  Rendered layouts/_footer.html.erb (0.2ms)
Completed 200 OK in 25ms (Views: 24.0ms | ActiveRecord: 0.2ms)


Started GET "/signin" for 127.0.0.1 at 2013-07-06 01:32:12 -0500
Processing by SessionsController#new as HTML
  Rendered sessions/new.html.erb within layouts/application (2.4ms)
  Rendered layouts/_shim.html.erb (0.1ms)
  [1m[36mUser Load (0.3ms)[0m  [1mSELECT "users".* FROM "users" WHERE "users"."remember_token" = '6hK4fn265J2WWJ-pcVAB6A' LIMIT 1[0m
  Rendered layouts/_header.html.erb (1.7ms)
  Rendered layouts/_footer.html.erb (0.2ms)
Completed 200 OK in 27ms (Views: 25.5ms | ActiveRecord: 0.3ms)


Started GET "/" for 127.0.0.1 at 2013-07-06 01:32:13 -0500
Processing by StaticPagesController#home as HTML
  Rendered static_pages/home.html.erb within layouts/application (0.9ms)
  Rendered layouts/_shim.html.erb (0.1ms)
  [1m[35mUser Load (0.2ms)[0m  SELECT "users".* FROM "users" WHERE "users"."remember_token" = '6hK4fn265J2WWJ-pcVAB6A' LIMIT 1
  Rendered layouts/_header.html.erb (1.2ms)
  Rendered layouts/_footer.html.erb (0.2ms)
Completed 200 OK in 26ms (Views: 25.0ms | ActiveRecord: 0.2ms)


Started GET "/assets/rails.png" for 127.0.0.1 at 2013-07-06 01:32:13 -0500


Started GET "/" for 127.0.0.1 at 2013-07-06 01:32:15 -0500
Processing by StaticPagesController#home as HTML
  Rendered static_pages/home.html.erb within layouts/application (0.6ms)
  Rendered layouts/_shim.html.erb (0.1ms)
  [1m[36mUser Load (0.3ms)[0m  [1mSELECT "users".* FROM "users" WHERE "users"."remember_token" = '6hK4fn265J2WWJ-pcVAB6A' LIMIT 1[0m
  Rendered layouts/_header.html.erb (1.6ms)
  Rendered layouts/_footer.html.erb (0.2ms)
Completed 200 OK in 23ms (Views: 22.6ms | ActiveRecord: 0.3ms)


Started GET "/assets/rails.png" for 127.0.0.1 at 2013-07-06 01:32:15 -0500


Started GET "/" for 127.0.0.1 at 2013-07-06 01:46:52 -0500
Processing by StaticPagesController#home as HTML
  Rendered static_pages/home.html.erb within layouts/application (1.1ms)
  Rendered layouts/_shim.html.erb (0.1ms)
  [1m[35mUser Load (0.2ms)[0m  SELECT "users".* FROM "users" WHERE "users"."remember_token" = '6hK4fn265J2WWJ-pcVAB6A' LIMIT 1
  Rendered layouts/_header.html.erb (1.3ms)
  Rendered layouts/_footer.html.erb (0.2ms)
Completed 200 OK in 27ms (Views: 25.6ms | ActiveRecord: 0.2ms)


Started GET "/assets/application.css?body=1" for 127.0.0.1 at 2013-07-06 01:46:52 -0500


Started GET "/assets/custom.css?body=1" for 127.0.0.1 at 2013-07-06 01:46:52 -0500


Started GET "/assets/jquery.js?body=1" for 127.0.0.1 at 2013-07-06 01:46:52 -0500


Started GET "/assets/sessions.css?body=1" for 127.0.0.1 at 2013-07-06 01:46:52 -0500


Started GET "/assets/static_pages.css?body=1" for 127.0.0.1 at 2013-07-06 01:46:52 -0500


Started GET "/assets/users.css?body=1" for 127.0.0.1 at 2013-07-06 01:46:52 -0500


Started GET "/assets/jquery_ujs.js?body=1" for 127.0.0.1 at 2013-07-06 01:46:52 -0500


Started GET "/assets/bootstrap-transition.js?body=1" for 127.0.0.1 at 2013-07-06 01:46:52 -0500


Started GET "/assets/bootstrap-affix.js?body=1" for 127.0.0.1 at 2013-07-06 01:46:52 -0500


Started GET "/assets/bootstrap-alert.js?body=1" for 127.0.0.1 at 2013-07-06 01:46:52 -0500


Started GET "/assets/bootstrap-button.js?body=1" for 127.0.0.1 at 2013-07-06 01:46:52 -0500


Started GET "/assets/bootstrap-carousel.js?body=1" for 127.0.0.1 at 2013-07-06 01:46:52 -0500


Started GET "/assets/bootstrap-collapse.js?body=1" for 127.0.0.1 at 2013-07-06 01:46:52 -0500


Started GET "/assets/bootstrap-modal.js?body=1" for 127.0.0.1 at 2013-07-06 01:46:52 -0500


Started GET "/assets/bootstrap-dropdown.js?body=1" for 127.0.0.1 at 2013-07-06 01:46:52 -0500


Started GET "/assets/bootstrap-scrollspy.js?body=1" for 127.0.0.1 at 2013-07-06 01:46:52 -0500


Started GET "/assets/bootstrap-tooltip.js?body=1" for 127.0.0.1 at 2013-07-06 01:46:52 -0500


Started GET "/assets/bootstrap-tab.js?body=1" for 127.0.0.1 at 2013-07-06 01:46:52 -0500


Started GET "/assets/bootstrap-popover.js?body=1" for 127.0.0.1 at 2013-07-06 01:46:52 -0500


Started GET "/assets/bootstrap-typeahead.js?body=1" for 127.0.0.1 at 2013-07-06 01:46:52 -0500


Started GET "/assets/bootstrap.js?body=1" for 127.0.0.1 at 2013-07-06 01:46:52 -0500


Started GET "/assets/turbolinks.js?body=1" for 127.0.0.1 at 2013-07-06 01:46:52 -0500


Started GET "/assets/sessions.js?body=1" for 127.0.0.1 at 2013-07-06 01:46:52 -0500


Started GET "/assets/static_pages.js?body=1" for 127.0.0.1 at 2013-07-06 01:46:52 -0500


Started GET "/assets/users.js?body=1" for 127.0.0.1 at 2013-07-06 01:46:52 -0500


Started GET "/assets/application.js?body=1" for 127.0.0.1 at 2013-07-06 01:46:52 -0500


Started GET "/javascripts/defaults.js" for 127.0.0.1 at 2013-07-06 01:46:52 -0500

ActionController::RoutingError (No route matches [GET] "/javascripts/defaults.js"):
  actionpack (4.0.0.rc2) lib/action_dispatch/middleware/debug_exceptions.rb:21:in `call'
  actionpack (4.0.0.rc2) lib/action_dispatch/middleware/show_exceptions.rb:30:in `call'
  railties (4.0.0.rc2) lib/rails/rack/logger.rb:38:in `call_app'
  railties (4.0.0.rc2) lib/rails/rack/logger.rb:21:in `block in call'
  activesupport (4.0.0.rc2) lib/active_support/tagged_logging.rb:67:in `block in tagged'
  activesupport (4.0.0.rc2) lib/active_support/tagged_logging.rb:25:in `tagged'
  activesupport (4.0.0.rc2) lib/active_support/tagged_logging.rb:67:in `tagged'
  railties (4.0.0.rc2) lib/rails/rack/logger.rb:21:in `call'
  actionpack (4.0.0.rc2) lib/action_dispatch/middleware/request_id.rb:21:in `call'
  rack (1.5.2) lib/rack/methodoverride.rb:21:in `call'
  rack (1.5.2) lib/rack/runtime.rb:17:in `call'
  activesupport (4.0.0.rc2) lib/active_support/cache/strategy/local_cache.rb:83:in `call'
  rack (1.5.2) lib/rack/lock.rb:17:in `call'
  actionpack (4.0.0.rc2) lib/action_dispatch/middleware/static.rb:64:in `call'
  railties (4.0.0.rc2) lib/rails/engine.rb:511:in `call'
  railties (4.0.0.rc2) lib/rails/application.rb:97:in `call'
  rack (1.5.2) lib/rack/lock.rb:17:in `call'
  rack (1.5.2) lib/rack/content_length.rb:14:in `call'
  rack (1.5.2) lib/rack/handler/webrick.rb:60:in `service'
  /home/ike/.rvm/rubies/ruby-2.0.0-p195/lib/ruby/2.0.0/webrick/httpserver.rb:138:in `service'
  /home/ike/.rvm/rubies/ruby-2.0.0-p195/lib/ruby/2.0.0/webrick/httpserver.rb:94:in `run'
  /home/ike/.rvm/rubies/ruby-2.0.0-p195/lib/ruby/2.0.0/webrick/server.rb:295:in `block in start_thread'


  Rendered /home/ike/.rvm/gems/ruby-2.0.0-p195/gems/actionpack-4.0.0.rc2/lib/action_dispatch/middleware/templates/rescues/_trace.erb (1.4ms)
  Rendered /home/ike/.rvm/gems/ruby-2.0.0-p195/gems/actionpack-4.0.0.rc2/lib/action_dispatch/middleware/templates/routes/_route.html.erb (2.4ms)
  Rendered /home/ike/.rvm/gems/ruby-2.0.0-p195/gems/actionpack-4.0.0.rc2/lib/action_dispatch/middleware/templates/routes/_table.html.erb (1.2ms)
  Rendered /home/ike/.rvm/gems/ruby-2.0.0-p195/gems/actionpack-4.0.0.rc2/lib/action_dispatch/middleware/templates/rescues/routing_error.erb within rescues/layout (23.1ms)


Started GET "/assets/rails.png" for 127.0.0.1 at 2013-07-06 01:46:53 -0500


Started GET "/" for 127.0.0.1 at 2013-07-06 02:01:35 -0500
  [1m[36mActiveRecord::SchemaMigration Load (0.1ms)[0m  [1mSELECT "schema_migrations".* FROM "schema_migrations"[0m
Processing by StaticPagesController#home as HTML
  Rendered static_pages/home.html.erb within layouts/application (3.8ms)
  Rendered layouts/_shim.html.erb (0.5ms)
  [1m[35mUser Load (0.2ms)[0m  SELECT "users".* FROM "users" WHERE "users"."remember_token" = '6hK4fn265J2WWJ-pcVAB6A' LIMIT 1
  Rendered layouts/_header.html.erb (17.0ms)
  Rendered layouts/_footer.html.erb (1.6ms)
Completed 200 OK in 265ms (Views: 262.9ms | ActiveRecord: 0.6ms)


Started GET "/assets/application.css?body=1" for 127.0.0.1 at 2013-07-06 02:01:35 -0500


Started GET "/assets/static_pages.css?body=1" for 127.0.0.1 at 2013-07-06 02:01:35 -0500


Started GET "/assets/users.css?body=1" for 127.0.0.1 at 2013-07-06 02:01:35 -0500


Started GET "/assets/jquery.js?body=1" for 127.0.0.1 at 2013-07-06 02:01:35 -0500


Started GET "/assets/custom.css?body=1" for 127.0.0.1 at 2013-07-06 02:01:35 -0500


Started GET "/assets/sessions.css?body=1" for 127.0.0.1 at 2013-07-06 02:01:35 -0500


Started GET "/assets/bootstrap-transition.js?body=1" for 127.0.0.1 at 2013-07-06 02:01:35 -0500


Started GET "/assets/jquery_ujs.js?body=1" for 127.0.0.1 at 2013-07-06 02:01:35 -0500


Started GET "/assets/bootstrap-affix.js?body=1" for 127.0.0.1 at 2013-07-06 02:01:35 -0500


Started GET "/assets/bootstrap-alert.js?body=1" for 127.0.0.1 at 2013-07-06 02:01:35 -0500


Started GET "/assets/bootstrap-button.js?body=1" for 127.0.0.1 at 2013-07-06 02:01:35 -0500


Started GET "/assets/bootstrap-carousel.js?body=1" for 127.0.0.1 at 2013-07-06 02:01:35 -0500


Started GET "/assets/bootstrap-collapse.js?body=1" for 127.0.0.1 at 2013-07-06 02:01:35 -0500


Started GET "/assets/bootstrap-dropdown.js?body=1" for 127.0.0.1 at 2013-07-06 02:01:35 -0500


Started GET "/assets/bootstrap-modal.js?body=1" for 127.0.0.1 at 2013-07-06 02:01:35 -0500


Started GET "/assets/bootstrap-scrollspy.js?body=1" for 127.0.0.1 at 2013-07-06 02:01:35 -0500


Started GET "/assets/bootstrap-tab.js?body=1" for 127.0.0.1 at 2013-07-06 02:01:35 -0500


Started GET "/assets/bootstrap-tooltip.js?body=1" for 127.0.0.1 at 2013-07-06 02:01:35 -0500


Started GET "/assets/bootstrap-popover.js?body=1" for 127.0.0.1 at 2013-07-06 02:01:35 -0500


Started GET "/assets/bootstrap.js?body=1" for 127.0.0.1 at 2013-07-06 02:01:35 -0500


Started GET "/assets/turbolinks.js?body=1" for 127.0.0.1 at 2013-07-06 02:01:35 -0500


Started GET "/assets/sessions.js?body=1" for 127.0.0.1 at 2013-07-06 02:01:35 -0500


Started GET "/assets/bootstrap-typeahead.js?body=1" for 127.0.0.1 at 2013-07-06 02:01:35 -0500


Started GET "/assets/static_pages.js?body=1" for 127.0.0.1 at 2013-07-06 02:01:35 -0500


Started GET "/assets/users.js?body=1" for 127.0.0.1 at 2013-07-06 02:01:35 -0500


Started GET "/assets/application.js?body=1" for 127.0.0.1 at 2013-07-06 02:01:35 -0500


Started GET "/javascripts/defaults.js" for 127.0.0.1 at 2013-07-06 02:01:35 -0500

ActionController::RoutingError (No route matches [GET] "/javascripts/defaults.js"):
  actionpack (4.0.0.rc2) lib/action_dispatch/middleware/debug_exceptions.rb:21:in `call'
  actionpack (4.0.0.rc2) lib/action_dispatch/middleware/show_exceptions.rb:30:in `call'
  railties (4.0.0.rc2) lib/rails/rack/logger.rb:38:in `call_app'
  railties (4.0.0.rc2) lib/rails/rack/logger.rb:21:in `block in call'
  activesupport (4.0.0.rc2) lib/active_support/tagged_logging.rb:67:in `block in tagged'
  activesupport (4.0.0.rc2) lib/active_support/tagged_logging.rb:25:in `tagged'
  activesupport (4.0.0.rc2) lib/active_support/tagged_logging.rb:67:in `tagged'
  railties (4.0.0.rc2) lib/rails/rack/logger.rb:21:in `call'
  actionpack (4.0.0.rc2) lib/action_dispatch/middleware/request_id.rb:21:in `call'
  rack (1.5.2) lib/rack/methodoverride.rb:21:in `call'
  rack (1.5.2) lib/rack/runtime.rb:17:in `call'
  activesupport (4.0.0.rc2) lib/active_support/cache/strategy/local_cache.rb:83:in `call'
  rack (1.5.2) lib/rack/lock.rb:17:in `call'
  actionpack (4.0.0.rc2) lib/action_dispatch/middleware/static.rb:64:in `call'
  railties (4.0.0.rc2) lib/rails/engine.rb:511:in `call'
  railties (4.0.0.rc2) lib/rails/application.rb:97:in `call'
  rack (1.5.2) lib/rack/lock.rb:17:in `call'
  rack (1.5.2) lib/rack/content_length.rb:14:in `call'
  rack (1.5.2) lib/rack/handler/webrick.rb:60:in `service'
  /home/ike/.rvm/rubies/ruby-2.0.0-p195/lib/ruby/2.0.0/webrick/httpserver.rb:138:in `service'
  /home/ike/.rvm/rubies/ruby-2.0.0-p195/lib/ruby/2.0.0/webrick/httpserver.rb:94:in `run'
  /home/ike/.rvm/rubies/ruby-2.0.0-p195/lib/ruby/2.0.0/webrick/server.rb:295:in `block in start_thread'


  Rendered /home/ike/.rvm/gems/ruby-2.0.0-p195/gems/actionpack-4.0.0.rc2/lib/action_dispatch/middleware/templates/rescues/_trace.erb (1.3ms)
  Rendered /home/ike/.rvm/gems/ruby-2.0.0-p195/gems/actionpack-4.0.0.rc2/lib/action_dispatch/middleware/templates/routes/_route.html.erb (2.5ms)
  Rendered /home/ike/.rvm/gems/ruby-2.0.0-p195/gems/actionpack-4.0.0.rc2/lib/action_dispatch/middleware/templates/routes/_table.html.erb (4.8ms)
  Rendered /home/ike/.rvm/gems/ruby-2.0.0-p195/gems/actionpack-4.0.0.rc2/lib/action_dispatch/middleware/templates/rescues/routing_error.erb within rescues/layout (28.4ms)


Started GET "/assets/rails.png" for 127.0.0.1 at 2013-07-06 02:01:35 -0500
